*----------------------------------------------------------------------------------------
*	Innovus 20.11-s130_1 (64bit) 08/05/2020 15:53 (Linux 2.6.32-431.11.2.el6.x86_64)
*	
*
* 	Date & Time:	2023-Nov-14 17:28:41 (2023-Nov-14 16:28:41 GMT)
*
*----------------------------------------------------------------------------------------
*
*	Design: FIR_PIPE1
*
*	Liberty Libraries used: 
*	        MyAnView: /home/isa34_2023_2024/Desktop/Gr34_lab01/FIR_unfolded/innovus/FIR_PIPE1.dat/libs/mmmc/NangateOpenCellLibrary_typical_ecsm_nowlm.lib
*
*	Power Domain used: 
*              Rail:        VDD      Voltage:        1.1 
*
*       Power View : MyAnView
*
*       User-Defined Activity : N.A.
*
*	Switching Activity File used: 
*	        ../power/vcd/fir_pipe1_innovus.vcd
*                    Vcd Window used(Start Time, Stop Time):   
*                     Vcd Scale Factor: 1 
* *                    Design annotation coverage: 0/17124 = 0% 
*
*       Hierarchical Global Activity: N.A.
*
*       Global Activity: N.A.
*
*       Sequential Element Activity: N.A.
*
*       Primary Input Activity: 0.200000
*
*       Default icg ratio: N.A.
*
*       Global Comb ClockGate Ratio: N.A.
*
*	Power Units = 1mW
*
*	Time Units = 1e-09 secs 
*
*       report_power -outfile FIR_adv_innovus.rpt -sort total
*
-----------------------------------------------------------------------------------------


Total Power 
-----------------------------------------------------------------------------------------
Total Internal Power:        0.14739199 	   16.7768%
Total Switching Power:       0.10818836 	   12.3145%
Total Leakage Power:         0.62296657 	   70.9087%
Total Power:                 0.87854691 
-----------------------------------------------------------------------------------------


Group                           Internal   Switching     Leakage       Total  Percentage 
                                Power      Power         Power         Power  (%)        
-----------------------------------------------------------------------------------------
Sequential                       0.04456     0.02044     0.07703       0.142       16.17 
Macro                                  0           0           0           0           0 
IO                                     0           0           0           0           0 
Combinational                    0.09521     0.07622      0.5423      0.7137       81.24 
Clock (Combinational)          0.0006347    0.002769   0.0001829    0.003587      0.4082 
Clock (Sequential)              0.006984    0.008763    0.003455      0.0192       2.186 
-----------------------------------------------------------------------------------------
Total                             0.1474      0.1082       0.623      0.8785         100 
-----------------------------------------------------------------------------------------


Rail                  Voltage   Internal   Switching     Leakage       Total  Percentage 
                                Power      Power         Power         Power  (%)        
-----------------------------------------------------------------------------------------
VDD                       1.1     0.1474      0.1082       0.623      0.8785         100 


Clock                           Internal   Switching     Leakage       Total  Percentage 
                                Power      Power         Power         Power  (%)        
-----------------------------------------------------------------------------------------
CLK                             0.007619     0.01153    0.003638     0.02279       2.594 
-----------------------------------------------------------------------------------------
Total (excluding duplicates)    0.007619     0.01153    0.003638     0.02279       2.594 
-----------------------------------------------------------------------------------------
Clock: CLK
Clock Period: 0.010000 usec 
Clock Toggle Rate:    20.0000 Mhz 
Clock Static Probability:  0.5000



-----------------------------------------------------------------------------------------
*	Power Distribution Summary: 
*                Highest Average Power:       CTS_ccl_a_buf_00041 (CLKBUF_X2):        0.0005513 
*                Highest Leakage Power:      X3K1_i_0_reg_reg_13_ (DFFR_X2):        0.0001294 
*          Total Cap:      1.01318e-10 F
*          Total instances in design: 14076
*          Total instances in design with no power:     0
*          Total instances in design with no activity:     0
*          Total Fillers and Decap:     0
-----------------------------------------------------------------------------------------

