 
****************************************
Report : area
Design : FIR_PIPE1
Version: S-2021.06-SP4
Date   : Mon Nov 13 15:33:29 2023
****************************************

Library(s) Used:

    NangateOpenCellLibrary (File: /eda/dk/nangate45/synopsys/NangateOpenCellLibrary_typical_ecsm_nowlm.db)

Number of ports:                         5656
Number of nets:                         22670
Number of cells:                        15145
Number of combinational cells:          13897
Number of sequential cells:               965
Number of macros/black boxes:               0
Number of buf/inv:                       1883
Number of references:                     129

Combinational area:              26242.496122
Buf/Inv area:                     1112.411999
Noncombinational area:            5108.796163
Macro/Black Box area:                0.000000
Net Interconnect area:      undefined  (Wire load has zero net area)

Total cell area:                 31351.292285
Total area:                 undefined
1
