
****************************************
Report : power
        -analysis_effort low
Design : FIR_1
Version: S-2021.06-SP4
Date   : Mon Nov 13 11:30:00 2023
****************************************


Library(s) Used:

    NangateOpenCellLibrary (File: /eda/dk/nangate45/synopsys/NangateOpenCellLibrary_typical_ecsm_nowlm.db)


Operating Conditions: typical   Library: NangateOpenCellLibrary
Wire Load Model Mode: top

Design        Wire Load Model            Library
------------------------------------------------
FIR_1                  5K_hvratio_1_1    NangateOpenCellLibrary


Global Operating Voltage = 1.1  
Power-specific unit information :
    Voltage Units = 1V
    Capacitance Units = 1.000000ff
    Time Units = 1ns
    Dynamic Power Units = 1uW    (derived from V,C,T units)
    Leakage Power Units = 1nW


  Cell Internal Power  = 599.7827 uW   (61%)
  Net Switching Power  = 386.4114 uW   (39%)
                         ---------
Total Dynamic Power    = 986.1940 uW  (100%)

Cell Leakage Power     = 235.2959 uW


                 Internal         Switching           Leakage            Total
Power Group      Power            Power               Power              Power   (   %    )  Attrs
--------------------------------------------------------------------------------------------------
io_pad             0.0000            0.0000            0.0000            0.0000  (   0.00%)
memory             0.0000            0.0000            0.0000            0.0000  (   0.00%)
black_box          0.0000            0.0000            0.0000            0.0000  (   0.00%)
clock_network     67.7879           51.8842        1.3736e+03          121.0458  (   9.91%)
register         266.8236           54.0594        2.7253e+04          348.1365  (  28.50%)
sequential         0.0000            0.0000            0.0000            0.0000  (   0.00%)
combinational    265.1709          280.4676        2.0667e+05          752.3080  (  61.59%)
--------------------------------------------------------------------------------------------------
Total            599.7824 uW       386.4112 uW     2.3530e+05 nW     1.2215e+03 uW
1
