 
****************************************
Report : area
Design : FIR
Version: S-2021.06-SP4
Date   : Mon Nov 13 10:59:23 2023
****************************************

Library(s) Used:

    NangateOpenCellLibrary (File: /eda/dk/nangate45/synopsys/NangateOpenCellLibrary_typical_ecsm_nowlm.db)

Number of ports:                         1617
Number of nets:                          6920
Number of cells:                         4677
Number of combinational cells:           4246
Number of sequential cells:               347
Number of macros/black boxes:               0
Number of buf/inv:                        522
Number of references:                      42

Combinational area:               8266.748043
Buf/Inv area:                      296.590001
Noncombinational area:            1815.450056
Macro/Black Box area:                0.000000
Net Interconnect area:      undefined  (Wire load has zero net area)

Total cell area:                 10082.198099
Total area:                 undefined
1
