Information: Updating design information... (UID-85)
Information: Propagating switching activity (low effort zero delay simulation). (PWR-6)
Warning: The derived toggle rate value (0.333333) for the clock net 'CLK' conflicts with the annotated value (0.020000). Using the annotated value. (PWR-12)
 
****************************************
Report : power
        -analysis_effort low
Design : FIR
Version: S-2021.06-SP4
Date   : Mon Nov 13 11:26:05 2023
****************************************


Library(s) Used:

    NangateOpenCellLibrary (File: /eda/dk/nangate45/synopsys/NangateOpenCellLibrary_typical_ecsm_nowlm.db)


Operating Conditions: typical   Library: NangateOpenCellLibrary
Wire Load Model Mode: top

Design        Wire Load Model            Library
------------------------------------------------
FIR                    5K_hvratio_1_1    NangateOpenCellLibrary


Global Operating Voltage = 1.1  
Power-specific unit information :
    Voltage Units = 1V
    Capacitance Units = 1.000000ff
    Time Units = 1ns
    Dynamic Power Units = 1uW    (derived from V,C,T units)
    Leakage Power Units = 1nW


  Cell Internal Power  =  47.1778 uW   (56%)
  Net Switching Power  =  37.6814 uW   (44%)
                         ---------
Total Dynamic Power    =  84.8592 uW  (100%)

Cell Leakage Power     = 203.6908 uW


                 Internal         Switching           Leakage            Total
Power Group      Power            Power               Power              Power   (   %    )  Attrs
--------------------------------------------------------------------------------------------------
io_pad             0.0000            0.0000            0.0000            0.0000  (   0.00%)
memory             0.0000            0.0000            0.0000            0.0000  (   0.00%)
black_box          0.0000            0.0000            0.0000            0.0000  (   0.00%)
clock_network      2.8282            3.8221        1.3244e+03            7.9748  (   2.76%)
register          15.8683            6.4133        2.8063e+04           50.3449  (  17.45%)
sequential         0.0000            0.0000            0.0000            0.0000  (   0.00%)
combinational     28.4812           27.4460        1.7430e+05          230.2302  (  79.79%)
--------------------------------------------------------------------------------------------------
Total             47.1777 uW        37.6814 uW     2.0369e+05 nW       288.5499 uW
1
