 
****************************************
Report : area
Design : FIR_1
Version: S-2021.06-SP4
Date   : Mon Nov 13 11:29:58 2023
****************************************

Library(s) Used:

    NangateOpenCellLibrary (File: /eda/dk/nangate45/synopsys/NangateOpenCellLibrary_typical_ecsm_nowlm.db)

Number of ports:                         1617
Number of nets:                          7979
Number of cells:                         5865
Number of combinational cells:           5431
Number of sequential cells:               347
Number of macros/black boxes:               0
Number of buf/inv:                        659
Number of references:                      54

Combinational area:               9054.374021
Buf/Inv area:                      410.172001
Noncombinational area:            1826.356056
Macro/Black Box area:                0.000000
Net Interconnect area:      undefined  (Wire load has zero net area)

Total cell area:                 10880.730077
Total area:                 undefined
1
